<?xml version="1.0" encoding="UTF-8"?>
<!-- Generated by org.testng.reporters.JUnitReportReporter -->
<testsuite hostname="DESKTOP-95JHPA7" failures="0" tests="4" name="com.selenium.TestNG" time="8.163" errors="0" timestamp="2024-02-18T22:50:58 IST" skipped="1">
  <testcase classname="com.selenium.TestNG" name="print" time="8.158"/>
  <system-out/>
  <testcase classname="com.selenium.TestNG" name="eveodd" time="0.002"/>
  <system-out/>
  <testcase classname="com.selenium.TestNG" name="prime" time="0.003"/>
  <system-out/>
  <testcase classname="com.selenium.TestNG" name="test2">
    <skipped/>
  </testcase> <!-- test2 -->
  <system-out/>
</testsuite> <!-- com.selenium.TestNG -->
