<?xml version="1.0" encoding="UTF-8"?>
<!-- Generated by org.testng.reporters.JUnitReportReporter -->
<testsuite hostname="DESKTOP-95JHPA7" failures="0" tests="1" name="com.selenium.App" time="9.562" errors="0" timestamp="2024-02-17T19:46:29 IST" skipped="0">
  <testcase classname="com.selenium.App" name="Apptest" time="9.562"/>
  <system-out/>
</testsuite> <!-- com.selenium.App -->
